<?xml version="1.0" encoding="UTF-8"?>
<!-- Generated by org.testng.reporters.JUnitReportReporter -->
<testsuite hostname="LAPTOP-AMJIAKTC" failures="0" tests="1" name="com.Test.TestClass1" time="0.019" errors="0" timestamp="2023-04-02T17:13:13 IST" skipped="0">
  <testcase classname="com.Test.TestClass1" name="f" time="0.019"/>
  <system-out/>
</testsuite> <!-- com.Test.TestClass1 -->
